{
  "RSpec": {
    "coverage": {
      "/Users/osneildrakes/Desktop/Makers/Projects/bank-tech-test/spec/account_spec.rb": {
        "lines": [
          1,
          null,
          1,
          null,
          2,
          null,
          1,
          1,
          null,
          null,
          1,
          1,
          1,
          null,
          null,
          1,
          1,
          1,
          1,
          null,
          null,
          null,
          1,
          null,
          1,
          1,
          2,
          null,
          null,
          1,
          1,
          2,
          null,
          null,
          1,
          1,
          1,
          2,
          null,
          null,
          null,
          null,
          null
        ]
      },
      "/Users/osneildrakes/Desktop/Makers/Projects/bank-tech-test/lib/account.rb": {
        "lines": [
          1,
          1,
          null,
          1,
          null,
          1,
          7,
          7,
          null,
          null,
          1,
          5,
          null,
          null,
          null,
          1,
          4,
          3,
          3,
          null,
          null,
          1,
          3,
          1,
          1,
          null,
          null,
          1,
          0,
          0,
          null,
          null,
          1,
          null,
          1,
          7,
          null,
          null,
          1,
          3,
          null,
          null,
          1,
          2,
          null,
          null,
          null
        ]
      },
      "/Users/osneildrakes/Desktop/Makers/Projects/bank-tech-test/lib/statement.rb": {
        "lines": [
          1,
          null,
          1,
          null,
          null,
          null,
          1,
          11,
          11,
          null,
          null,
          1,
          0,
          null,
          null,
          1,
          6,
          6,
          null,
          null,
          null,
          1,
          3,
          3,
          null,
          null,
          null,
          1,
          null,
          1,
          18,
          null,
          null,
          null,
          null
        ]
      },
      "/Users/osneildrakes/Desktop/Makers/Projects/bank-tech-test/lib/printer.rb": {
        "lines": [
          1,
          null,
          1,
          null,
          1,
          1,
          null,
          null,
          null
        ]
      },
      "/Users/osneildrakes/Desktop/Makers/Projects/bank-tech-test/spec/printer_spec.rb": {
        "lines": [
          1,
          1,
          null,
          1,
          null,
          2,
          2,
          null,
          null,
          1,
          1,
          1,
          2,
          null,
          null,
          null,
          null,
          null,
          null
        ]
      },
      "/Users/osneildrakes/Desktop/Makers/Projects/bank-tech-test/spec/statement_spec.rb": {
        "lines": [
          1,
          null,
          1,
          null,
          3,
          null,
          1,
          1,
          null,
          null,
          1,
          1,
          1,
          null,
          null,
          1,
          1,
          1,
          1,
          null,
          null,
          null,
          null
        ]
      }
    },
    "timestamp": 1635333354
  }
}
